<?xml version="1.0" encoding="UTF-8"?>
<testsuite xmlns:xsi="http://www.w3.org/2001/XMLSchema-instance" xsi:noNamespaceSchemaLocation="https://maven.apache.org/surefire/maven-surefire-plugin/xsd/surefire-test-report.xsd" name="com.zoomcarapp.SpringRestZoomcarappResponseApplicationTests" time="0.242" tests="1" errors="1" skipped="0" failures="0">
  <properties>
[...]
</properties>
  <testcase name="com.zoomcarapp.SpringRestZoomcarappResponseApplicationTests" classname="com.zoomcarapp.SpringRestZoomcarappResponseApplicationTests" time="0.241">
    <error message="Unable to find a @SpringBootConfiguration, you need to use @ContextConfiguration or @SpringBootTest(classes=...) with your test" type="java.lang.IllegalStateException">java.lang.IllegalStateException: Unable to find a @SpringBootConfiguration, you need to use @ContextConfiguration or @SpringBootTest(classes=...) with your test
</error>
    <system-out><![CDATA[09:37:37.674 [main] DEBUG org.springframework.test.context.BootstrapUtils - Instantiating CacheAwareContextLoaderDelegate from class [org.springframework.test.context.cache.DefaultCacheAwareContextLoaderDelegate]
09:37:37.685 [main] DEBUG org.springframework.test.context.BootstrapUtils - Instantiating BootstrapContext using constructor [public org.springframework.test.context.support.DefaultBootstrapContext(java.lang.Class,org.springframework.test.context.CacheAwareContextLoaderDelegate)]
09:37:37.732 [main] DEBUG org.springframework.test.context.BootstrapUtils - Instantiating TestContextBootstrapper for test class [com.zoomcarapp.SpringRestZoomcarappResponseApplicationTests] from class [org.springframework.boot.test.context.SpringBootTestContextBootstrapper]
09:37:37.745 [main] INFO org.springframework.boot.test.context.SpringBootTestContextBootstrapper - Neither @ContextConfiguration nor @ContextHierarchy found for test class [com.zoomcarapp.SpringRestZoomcarappResponseApplicationTests], using SpringBootContextLoader
09:37:37.749 [main] DEBUG org.springframework.test.context.support.AbstractContextLoader - Did not detect default resource location for test class [com.zoomcarapp.SpringRestZoomcarappResponseApplicationTests]: class path resource [com/zoomcarapp/SpringRestZoomcarappResponseApplicationTests-context.xml] does not exist
09:37:37.749 [main] DEBUG org.springframework.test.context.support.AbstractContextLoader - Did not detect default resource location for test class [com.zoomcarapp.SpringRestZoomcarappResponseApplicationTests]: class path resource [com/zoomcarapp/SpringRestZoomcarappResponseApplicationTestsContext.groovy] does not exist
09:37:37.750 [main] INFO org.springframework.test.context.support.AbstractContextLoader - Could not detect default resource locations for test class [com.zoomcarapp.SpringRestZoomcarappResponseApplicationTests]: no resource found for suffixes {-context.xml, Context.groovy}.
09:37:37.750 [main] INFO org.springframework.test.context.support.AnnotationConfigContextLoaderUtils - Could not detect default configuration classes for test class [com.zoomcarapp.SpringRestZoomcarappResponseApplicationTests]: SpringRestZoomcarappResponseApplicationTests does not declare any static, non-private, non-final, nested classes annotated with @Configuration.
09:37:37.795 [main] DEBUG org.springframework.test.context.support.ActiveProfilesUtils - Could not find an 'annotation declaring class' for annotation type [org.springframework.test.context.ActiveProfiles] and class [com.zoomcarapp.SpringRestZoomcarappResponseApplicationTests]
]]></system-out>
  </testcase>
</testsuite>